# JRE version: OpenJDK Runtime Environment (8.0_202-b03) (build 1.8.0_202-release-1483-b03)
# Java VM: OpenJDK 64-Bit Server VM (25.202-b03 mixed mode windows-amd64 compressed oops)
Heap:
 PSYoungGen      total 256512K, used 231508K [0x00000000e0000000, 0x00000000f2000000, 0x0000000100000000)
  eden space 229376K, 89% used [0x00000000e0000000,0x00000000ec8d3f10,0x00000000ee000000)
  from space 27136K, 95% used [0x00000000f0580000,0x00000000f1ec1418,0x00000000f2000000)
  to   space 32768K, 0% used [0x00000000ee000000,0x00000000ee000000,0x00000000f0000000)
 ParOldGen       total 144384K, used 47757K [0x00000000a0000000, 0x00000000a8d00000, 0x00000000e0000000)
  object space 144384K, 33% used [0x00000000a0000000,0x00000000a2ea3540,0x00000000a8d00000)
 Metaspace       used 78325K, capacity 81768K, committed 81940K, reserved 1120256K
  class space    used 10313K, capacity 10990K, committed 11068K, reserved 1048576K
GC Heap History (10 events):
Event: 14.723 GC heap before
{Heap before GC invocations=13 (full 3):
 PSYoungGen      total 234496K, used 17892K [0x00000000e0000000, 0x00000000f0580000, 0x0000000100000000)
  eden space 216576K, 0% used [0x00000000e0000000,0x00000000e0000000,0x00000000ed380000)
  from space 17920K, 99% used [0x00000000ee980000,0x00000000efaf9330,0x00000000efb00000)
  to   space 22528K, 0% used [0x00000000ed380000,0x00000000ed380000,0x00000000ee980000)
 ParOldGen       total 90624K, used 29222K [0x00000000a0000000, 0x00000000a5880000, 0x00000000e0000000)
  object space 90624K, 32% used [0x00000000a0000000,0x00000000a1c898f0,0x00000000a5880000)
 Metaspace       used 57355K, capacity 58910K, committed 59028K, reserved 1099776K
  class space    used 7696K, capacity 8099K, committed 8124K, reserved 1048576K
Event: 14.954 GC heap after
Heap after GC invocations=13 (full 3):
 PSYoungGen      total 234496K, used 0K [0x00000000e0000000, 0x00000000f0580000, 0x0000000100000000)
  eden space 216576K, 0% used [0x00000000e0000000,0x00000000e0000000,0x00000000ed380000)
  from space 17920K, 0% used [0x00000000ee980000,0x00000000ee980000,0x00000000efb00000)
  to   space 22528K, 0% used [0x00000000ed380000,0x00000000ed380000,0x00000000ee980000)
 ParOldGen       total 144384K, used 39072K [0x00000000a0000000, 0x00000000a8d00000, 0x00000000e0000000)
  object space 144384K, 27% used [0x00000000a0000000,0x00000000a26281a8,0x00000000a8d00000)
 Metaspace       used 57355K, capacity 58910K, committed 59028K, reserved 1099776K
  class space    used 7696K, capacity 8099K, committed 8124K, reserved 1048576K
}
Event: 259.732 GC heap before
{Heap before GC invocations=14 (full 3):
 PSYoungGen      total 234496K, used 216576K [0x00000000e0000000, 0x00000000f0580000, 0x0000000100000000)
  eden space 216576K, 100% used [0x00000000e0000000,0x00000000ed380000,0x00000000ed380000)
  from space 17920K, 0% used [0x00000000ee980000,0x00000000ee980000,0x00000000efb00000)
  to   space 22528K, 0% used [0x00000000ed380000,0x00000000ed380000,0x00000000ee980000)
 ParOldGen       total 144384K, used 39072K [0x00000000a0000000, 0x00000000a8d00000, 0x00000000e0000000)
  object space 144384K, 27% used [0x00000000a0000000,0x00000000a26281a8,0x00000000a8d00000)
 Metaspace       used 66906K, capacity 69406K, committed 69524K, reserved 1110016K
  class space    used 8828K, capacity 9327K, committed 9404K, reserved 1048576K
Event: 259.751 GC heap after
Heap after GC invocations=14 (full 3):
 PSYoungGen      total 239104K, used 18272K [0x00000000e0000000, 0x00000000f2480000, 0x0000000100000000)
  eden space 216576K, 0% used [0x00000000e0000000,0x00000000e0000000,0x00000000ed380000)
  from space 22528K, 81% used [0x00000000ed380000,0x00000000ee558200,0x00000000ee980000)
  to   space 24576K, 0% used [0x00000000f0c80000,0x00000000f0c80000,0x00000000f2480000)
 ParOldGen       total 144384K, used 39080K [0x00000000a0000000, 0x00000000a8d00000, 0x00000000e0000000)
  object space 144384K, 27% used [0x00000000a0000000,0x00000000a262a1a8,0x00000000a8d00000)
 Metaspace       used 66906K, capacity 69406K, committed 69524K, reserved 1110016K
  class space    used 8828K, capacity 9327K, committed 9404K, reserved 1048576K
}
Event: 263.582 GC heap before
{Heap before GC invocations=15 (full 3):
 PSYoungGen      total 239104K, used 234848K [0x00000000e0000000, 0x00000000f2480000, 0x0000000100000000)
  eden space 216576K, 100% used [0x00000000e0000000,0x00000000ed380000,0x00000000ed380000)
  from space 22528K, 81% used [0x00000000ed380000,0x00000000ee558200,0x00000000ee980000)
  to   space 24576K, 0% used [0x00000000f0c80000,0x00000000f0c80000,0x00000000f2480000)
 ParOldGen       total 144384K, used 39080K [0x00000000a0000000, 0x00000000a8d00000, 0x00000000e0000000)
  object space 144384K, 27% used [0x00000000a0000000,0x00000000a262a1a8,0x00000000a8d00000)
 Metaspace       used 69319K, capacity 71864K, committed 72084K, reserved 1112064K
  class space    used 9134K, capacity 9634K, committed 9660K, reserved 1048576K
Event: 263.629 GC heap after
Heap after GC invocations=15 (full 3):
 PSYoungGen      total 270848K, used 24561K [0x00000000e0000000, 0x00000000f2f80000, 0x0000000100000000)
  eden space 246272K, 0% used [0x00000000e0000000,0x00000000e0000000,0x00000000ef080000)
  from space 24576K, 99% used [0x00000000f0c80000,0x00000000f247c510,0x00000000f2480000)
  to   space 28672K, 0% used [0x00000000ef080000,0x00000000ef080000,0x00000000f0c80000)
 ParOldGen       total 144384K, used 41800K [0x00000000a0000000, 0x00000000a8d00000, 0x00000000e0000000)
  object space 144384K, 28% used [0x00000000a0000000,0x00000000a28d23c0,0x00000000a8d00000)
 Metaspace       used 69319K, capacity 71864K, committed 72084K, reserved 1112064K
  class space    used 9134K, capacity 9634K, committed 9660K, reserved 1048576K
}
Event: 1279.590 GC heap before
{Heap before GC invocations=16 (full 3):
 PSYoungGen      total 270848K, used 270833K [0x00000000e0000000, 0x00000000f2f80000, 0x0000000100000000)
  eden space 246272K, 100% used [0x00000000e0000000,0x00000000ef080000,0x00000000ef080000)
  from space 24576K, 99% used [0x00000000f0c80000,0x00000000f247c510,0x00000000f2480000)
  to   space 28672K, 0% used [0x00000000ef080000,0x00000000ef080000,0x00000000f0c80000)
 ParOldGen       total 144384K, used 41800K [0x00000000a0000000, 0x00000000a8d00000, 0x00000000e0000000)
  object space 144384K, 28% used [0x00000000a0000000,0x00000000a28d23c0,0x00000000a8d00000)
 Metaspace       used 72155K, capacity 75056K, committed 75156K, reserved 1114112K
  class space    used 9524K, capacity 10102K, committed 10172K, reserved 1048576K
Event: 1279.632 GC heap after
Heap after GC invocations=16 (full 3):
 PSYoungGen      total 258048K, used 20400K [0x00000000e0000000, 0x00000000f2300000, 0x0000000100000000)
  eden space 237568K, 0% used [0x00000000e0000000,0x00000000e0000000,0x00000000ee800000)
  from space 20480K, 99% used [0x00000000ef080000,0x00000000f046c0a0,0x00000000f0480000)
  to   space 30208K, 0% used [0x00000000f0580000,0x00000000f0580000,0x00000000f2300000)
 ParOldGen       total 144384K, used 47749K [0x00000000a0000000, 0x00000000a8d00000, 0x00000000e0000000)
  object space 144384K, 33% used [0x00000000a0000000,0x00000000a2ea1540,0x00000000a8d00000)
 Metaspace       used 72155K, capacity 75056K, committed 75156K, reserved 1114112K
  class space    used 9524K, capacity 10102K, committed 10172K, reserved 1048576K
}
Event: 1284.672 GC heap before
{Heap before GC invocations=17 (full 3):
 PSYoungGen      total 258048K, used 257968K [0x00000000e0000000, 0x00000000f2300000, 0x0000000100000000)
  eden space 237568K, 100% used [0x00000000e0000000,0x00000000ee800000,0x00000000ee800000)
  from space 20480K, 99% used [0x00000000ef080000,0x00000000f046c0a0,0x00000000f0480000)
  to   space 30208K, 0% used [0x00000000f0580000,0x00000000f0580000,0x00000000f2300000)
 ParOldGen       total 144384K, used 47749K [0x00000000a0000000, 0x00000000a8d00000, 0x00000000e0000000)
  object space 144384K, 33% used [0x00000000a0000000,0x00000000a2ea1540,0x00000000a8d00000)
 Metaspace       used 75509K, capacity 78542K, committed 78868K, reserved 1118208K
  class space    used 9937K, capacity 10525K, committed 10556K, reserved 1048576K
Event: 1284.691 GC heap after
Heap after GC invocations=17 (full 3):
 PSYoungGen      total 256512K, used 25861K [0x00000000e0000000, 0x00000000f2000000, 0x0000000100000000)
  eden space 229376K, 0% used [0x00000000e0000000,0x00000000e0000000,0x00000000ee000000)
  from space 27136K, 95% used [0x00000000f0580000,0x00000000f1ec1418,0x00000000f2000000)
  to   space 32768K, 0% used [0x00000000ee000000,0x00000000ee000000,0x00000000f0000000)
 ParOldGen       total 144384K, used 47757K [0x00000000a0000000, 0x00000000a8d00000, 0x00000000e0000000)
  object space 144384K, 33% used [0x00000000a0000000,0x00000000a2ea3540,0x00000000a8d00000)
 Metaspace       used 75509K, capacity 78542K, committed 78868K, reserved 1118208K
  class space    used 9937K, capacity 10525K, committed 10556K, reserved 1048576K
}

