# JRE version: OpenJDK Runtime Environment (8.0_202-b03) (build 1.8.0_202-release-1483-b03)
# Java VM: OpenJDK 64-Bit Server VM (25.202-b03 mixed mode windows-amd64 compressed oops)
Heap:
 PSYoungGen      total 317952K, used 64703K [0x00000000e0000000, 0x00000000f5a80000, 0x0000000100000000)
  eden space 292352K, 13% used [0x00000000e0000000,0x00000000e26c4168,0x00000000f1d80000)
  from space 25600K, 97% used [0x00000000f1d80000,0x00000000f35ebab0,0x00000000f3680000)
  to   space 23552K, 0% used [0x00000000f3680000,0x00000000f3680000,0x00000000f4d80000)
 ParOldGen       total 103936K, used 34913K [0x00000000a0000000, 0x00000000a6580000, 0x00000000e0000000)
  object space 103936K, 33% used [0x00000000a0000000,0x00000000a2218458,0x00000000a6580000)
 Metaspace       used 65401K, capacity 67846K, committed 68096K, reserved 1107968K
  class space    used 8870K, capacity 9377K, committed 9472K, reserved 1048576K
GC Heap History (10 events):
Event: 4.485 GC heap before
{Heap before GC invocations=8 (full 2):
 PSYoungGen      total 228864K, used 10180K [0x00000000e0000000, 0x00000000ef080000, 0x0000000100000000)
  eden space 212480K, 0% used [0x00000000e0000000,0x00000000e0000000,0x00000000ecf80000)
  from space 16384K, 62% used [0x00000000edf80000,0x00000000ee9710c8,0x00000000eef80000)
  to   space 16384K, 0% used [0x00000000ecf80000,0x00000000ecf80000,0x00000000edf80000)
 ParOldGen       total 66560K, used 19661K [0x00000000a0000000, 0x00000000a4100000, 0x00000000e0000000)
  object space 66560K, 29% used [0x00000000a0000000,0x00000000a1333490,0x00000000a4100000)
 Metaspace       used 34621K, capacity 35440K, committed 35496K, reserved 1079296K
  class space    used 4774K, capacity 4968K, committed 4992K, reserved 1048576K
Event: 4.540 GC heap after
Heap after GC invocations=8 (full 2):
 PSYoungGen      total 228864K, used 0K [0x00000000e0000000, 0x00000000ef080000, 0x0000000100000000)
  eden space 212480K, 0% used [0x00000000e0000000,0x00000000e0000000,0x00000000ecf80000)
  from space 16384K, 0% used [0x00000000edf80000,0x00000000edf80000,0x00000000eef80000)
  to   space 16384K, 0% used [0x00000000ecf80000,0x00000000ecf80000,0x00000000edf80000)
 ParOldGen       total 103936K, used 17919K [0x00000000a0000000, 0x00000000a6580000, 0x00000000e0000000)
  object space 103936K, 17% used [0x00000000a0000000,0x00000000a117fff8,0x00000000a6580000)
 Metaspace       used 34600K, capacity 35368K, committed 35496K, reserved 1079296K
  class space    used 4768K, capacity 4956K, committed 4992K, reserved 1048576K
}
Event: 6.537 GC heap before
{Heap before GC invocations=9 (full 2):
 PSYoungGen      total 228864K, used 212480K [0x00000000e0000000, 0x00000000ef080000, 0x0000000100000000)
  eden space 212480K, 100% used [0x00000000e0000000,0x00000000ecf80000,0x00000000ecf80000)
  from space 16384K, 0% used [0x00000000edf80000,0x00000000edf80000,0x00000000eef80000)
  to   space 16384K, 0% used [0x00000000ecf80000,0x00000000ecf80000,0x00000000edf80000)
 ParOldGen       total 103936K, used 17919K [0x00000000a0000000, 0x00000000a6580000, 0x00000000e0000000)
  object space 103936K, 17% used [0x00000000a0000000,0x00000000a117fff8,0x00000000a6580000)
 Metaspace       used 52576K, capacity 54028K, committed 54400K, reserved 1095680K
  class space    used 7079K, capacity 7477K, committed 7552K, reserved 1048576K
Event: 6.554 GC heap after
Heap after GC invocations=9 (full 2):
 PSYoungGen      total 228864K, used 16368K [0x00000000e0000000, 0x00000000f4d80000, 0x0000000100000000)
  eden space 212480K, 0% used [0x00000000e0000000,0x00000000e0000000,0x00000000ecf80000)
  from space 16384K, 99% used [0x00000000ecf80000,0x00000000edf7c068,0x00000000edf80000)
  to   space 23552K, 0% used [0x00000000f3680000,0x00000000f3680000,0x00000000f4d80000)
 ParOldGen       total 103936K, used 26879K [0x00000000a0000000, 0x00000000a6580000, 0x00000000e0000000)
  object space 103936K, 25% used [0x00000000a0000000,0x00000000a1a3fd30,0x00000000a6580000)
 Metaspace       used 52576K, capacity 54028K, committed 54400K, reserved 1095680K
  class space    used 7079K, capacity 7477K, committed 7552K, reserved 1048576K
}
Event: 7.387 GC heap before
{Heap before GC invocations=10 (full 2):
 PSYoungGen      total 228864K, used 91466K [0x00000000e0000000, 0x00000000f4d80000, 0x0000000100000000)
  eden space 212480K, 35% used [0x00000000e0000000,0x00000000e4956aa0,0x00000000ecf80000)
  from space 16384K, 99% used [0x00000000ecf80000,0x00000000edf7c068,0x00000000edf80000)
  to   space 23552K, 0% used [0x00000000f3680000,0x00000000f3680000,0x00000000f4d80000)
 ParOldGen       total 103936K, used 26879K [0x00000000a0000000, 0x00000000a6580000, 0x00000000e0000000)
  object space 103936K, 25% used [0x00000000a0000000,0x00000000a1a3fd30,0x00000000a6580000)
 Metaspace       used 57449K, capacity 59054K, committed 59136K, reserved 1099776K
  class space    used 7750K, capacity 8173K, committed 8192K, reserved 1048576K
Event: 7.406 GC heap after
Heap after GC invocations=10 (full 2):
 PSYoungGen      total 315904K, used 19831K [0x00000000e0000000, 0x00000000f5a80000, 0x0000000100000000)
  eden space 292352K, 0% used [0x00000000e0000000,0x00000000e0000000,0x00000000f1d80000)
  from space 23552K, 84% used [0x00000000f3680000,0x00000000f49ddd18,0x00000000f4d80000)
  to   space 25600K, 0% used [0x00000000f1d80000,0x00000000f1d80000,0x00000000f3680000)
 ParOldGen       total 103936K, used 26951K [0x00000000a0000000, 0x00000000a6580000, 0x00000000e0000000)
  object space 103936K, 25% used [0x00000000a0000000,0x00000000a1a51d40,0x00000000a6580000)
 Metaspace       used 57449K, capacity 59054K, committed 59136K, reserved 1099776K
  class space    used 7750K, capacity 8173K, committed 8192K, reserved 1048576K
}
Event: 7.406 GC heap before
{Heap before GC invocations=11 (full 3):
 PSYoungGen      total 315904K, used 19831K [0x00000000e0000000, 0x00000000f5a80000, 0x0000000100000000)
  eden space 292352K, 0% used [0x00000000e0000000,0x00000000e0000000,0x00000000f1d80000)
  from space 23552K, 84% used [0x00000000f3680000,0x00000000f49ddd18,0x00000000f4d80000)
  to   space 25600K, 0% used [0x00000000f1d80000,0x00000000f1d80000,0x00000000f3680000)
 ParOldGen       total 103936K, used 26951K [0x00000000a0000000, 0x00000000a6580000, 0x00000000e0000000)
  object space 103936K, 25% used [0x00000000a0000000,0x00000000a1a51d40,0x00000000a6580000)
 Metaspace       used 57449K, capacity 59054K, committed 59136K, reserved 1099776K
  class space    used 7750K, capacity 8173K, committed 8192K, reserved 1048576K
Event: 7.616 GC heap after
Heap after GC invocations=11 (full 3):
 PSYoungGen      total 315904K, used 0K [0x00000000e0000000, 0x00000000f5a80000, 0x0000000100000000)
  eden space 292352K, 0% used [0x00000000e0000000,0x00000000e0000000,0x00000000f1d80000)
  from space 23552K, 0% used [0x00000000f3680000,0x00000000f3680000,0x00000000f4d80000)
  to   space 25600K, 0% used [0x00000000f1d80000,0x00000000f1d80000,0x00000000f3680000)
 ParOldGen       total 103936K, used 34905K [0x00000000a0000000, 0x00000000a6580000, 0x00000000e0000000)
  object space 103936K, 33% used [0x00000000a0000000,0x00000000a2216458,0x00000000a6580000)
 Metaspace       used 57449K, capacity 59054K, committed 59136K, reserved 1099776K
  class space    used 7750K, capacity 8173K, committed 8192K, reserved 1048576K
}
Event: 10.394 GC heap before
{Heap before GC invocations=12 (full 3):
 PSYoungGen      total 315904K, used 292352K [0x00000000e0000000, 0x00000000f5a80000, 0x0000000100000000)
  eden space 292352K, 100% used [0x00000000e0000000,0x00000000f1d80000,0x00000000f1d80000)
  from space 23552K, 0% used [0x00000000f3680000,0x00000000f3680000,0x00000000f4d80000)
  to   space 25600K, 0% used [0x00000000f1d80000,0x00000000f1d80000,0x00000000f3680000)
 ParOldGen       total 103936K, used 34905K [0x00000000a0000000, 0x00000000a6580000, 0x00000000e0000000)
  object space 103936K, 33% used [0x00000000a0000000,0x00000000a2216458,0x00000000a6580000)
 Metaspace       used 65352K, capacity 67846K, committed 68096K, reserved 1107968K
  class space    used 8868K, capacity 9377K, committed 9472K, reserved 1048576K
Event: 10.434 GC heap after
Heap after GC invocations=12 (full 3):
 PSYoungGen      total 317952K, used 25006K [0x00000000e0000000, 0x00000000f5a80000, 0x0000000100000000)
  eden space 292352K, 0% used [0x00000000e0000000,0x00000000e0000000,0x00000000f1d80000)
  from space 25600K, 97% used [0x00000000f1d80000,0x00000000f35ebab0,0x00000000f3680000)
  to   space 23552K, 0% used [0x00000000f3680000,0x00000000f3680000,0x00000000f4d80000)
 ParOldGen       total 103936K, used 34913K [0x00000000a0000000, 0x00000000a6580000, 0x00000000e0000000)
  object space 103936K, 33% used [0x00000000a0000000,0x00000000a2218458,0x00000000a6580000)
 Metaspace       used 65352K, capacity 67846K, committed 68096K, reserved 1107968K
  class space    used 8868K, capacity 9377K, committed 9472K, reserved 1048576K
}

