# JRE version: OpenJDK Runtime Environment (8.0_202-b03) (build 1.8.0_202-release-1483-b03)
# Java VM: OpenJDK 64-Bit Server VM (25.202-b03 mixed mode windows-amd64 compressed oops)
Heap:
 PSYoungGen      total 148480K, used 21893K [0x00000000d5f00000, 0x00000000e0e00000, 0x0000000100000000)
  eden space 133120K, 4% used [0x00000000d5f00000,0x00000000d6565850,0x00000000de100000)
  from space 15360K, 99% used [0x00000000dff00000,0x00000000e0dfbd28,0x00000000e0e00000)
  to   space 5120K, 0% used [0x00000000de100000,0x00000000de100000,0x00000000de600000)
 ParOldGen       total 110080K, used 30748K [0x0000000081c00000, 0x0000000088780000, 0x00000000d5f00000)
  object space 110080K, 27% used [0x0000000081c00000,0x0000000083a072f0,0x0000000088780000)
 Metaspace       used 44615K, capacity 45348K, committed 45744K, reserved 1089536K
  class space    used 5550K, capacity 5746K, committed 5808K, reserved 1048576K
GC Heap History (10 events):
Event: 1.105 GC heap before
{Heap before GC invocations=4 (full 1):
 PSYoungGen      total 71680K, used 5119K [0x00000000d5f00000, 0x00000000deb00000, 0x0000000100000000)
  eden space 66560K, 0% used [0x00000000d5f00000,0x00000000d5f00000,0x00000000da000000)
  from space 5120K, 99% used [0x00000000da000000,0x00000000da4ffde8,0x00000000da500000)
  to   space 5120K, 0% used [0x00000000de600000,0x00000000de600000,0x00000000deb00000)
 ParOldGen       total 87552K, used 11854K [0x0000000081c00000, 0x0000000087180000, 0x00000000d5f00000)
  object space 87552K, 13% used [0x0000000081c00000,0x0000000082793980,0x0000000087180000)
 Metaspace       used 20785K, capacity 21170K, committed 21296K, reserved 1069056K
  class space    used 2464K, capacity 2593K, committed 2608K, reserved 1048576K
Event: 1.130 GC heap after
Heap after GC invocations=4 (full 1):
 PSYoungGen      total 71680K, used 0K [0x00000000d5f00000, 0x00000000deb00000, 0x0000000100000000)
  eden space 66560K, 0% used [0x00000000d5f00000,0x00000000d5f00000,0x00000000da000000)
  from space 5120K, 0% used [0x00000000da000000,0x00000000da000000,0x00000000da500000)
  to   space 5120K, 0% used [0x00000000de600000,0x00000000de600000,0x00000000deb00000)
 ParOldGen       total 65024K, used 9065K [0x0000000081c00000, 0x0000000085b80000, 0x00000000d5f00000)
  object space 65024K, 13% used [0x0000000081c00000,0x00000000824da410,0x0000000085b80000)
 Metaspace       used 20785K, capacity 21170K, committed 21296K, reserved 1069056K
  class space    used 2464K, capacity 2593K, committed 2608K, reserved 1048576K
}
Event: 1.812 GC heap before
{Heap before GC invocations=5 (full 1):
 PSYoungGen      total 71680K, used 66560K [0x00000000d5f00000, 0x00000000deb00000, 0x0000000100000000)
  eden space 66560K, 100% used [0x00000000d5f00000,0x00000000da000000,0x00000000da000000)
  from space 5120K, 0% used [0x00000000da000000,0x00000000da000000,0x00000000da500000)
  to   space 5120K, 0% used [0x00000000de600000,0x00000000de600000,0x00000000deb00000)
 ParOldGen       total 65024K, used 9065K [0x0000000081c00000, 0x0000000085b80000, 0x00000000d5f00000)
  object space 65024K, 13% used [0x0000000081c00000,0x00000000824da410,0x0000000085b80000)
 Metaspace       used 29435K, capacity 29946K, committed 30128K, reserved 1075200K
  class space    used 3579K, capacity 3734K, committed 3760K, reserved 1048576K
Event: 1.822 GC heap after
Heap after GC invocations=5 (full 1):
 PSYoungGen      total 102912K, used 5118K [0x00000000d5f00000, 0x00000000deb00000, 0x0000000100000000)
  eden space 97792K, 0% used [0x00000000d5f00000,0x00000000d5f00000,0x00000000dbe80000)
  from space 5120K, 99% used [0x00000000de600000,0x00000000deaff870,0x00000000deb00000)
  to   space 5120K, 0% used [0x00000000de100000,0x00000000de100000,0x00000000de600000)
 ParOldGen       total 65024K, used 19928K [0x0000000081c00000, 0x0000000085b80000, 0x00000000d5f00000)
  object space 65024K, 30% used [0x0000000081c00000,0x0000000082f76398,0x0000000085b80000)
 Metaspace       used 29435K, capacity 29946K, committed 30128K, reserved 1075200K
  class space    used 3579K, capacity 3734K, committed 3760K, reserved 1048576K
}
Event: 2.198 GC heap before
{Heap before GC invocations=6 (full 1):
 PSYoungGen      total 102912K, used 30648K [0x00000000d5f00000, 0x00000000deb00000, 0x0000000100000000)
  eden space 97792K, 26% used [0x00000000d5f00000,0x00000000d77ee958,0x00000000dbe80000)
  from space 5120K, 99% used [0x00000000de600000,0x00000000deaff870,0x00000000deb00000)
  to   space 5120K, 0% used [0x00000000de100000,0x00000000de100000,0x00000000de600000)
 ParOldGen       total 65024K, used 19928K [0x0000000081c00000, 0x0000000085b80000, 0x00000000d5f00000)
  object space 65024K, 30% used [0x0000000081c00000,0x0000000082f76398,0x0000000085b80000)
 Metaspace       used 34762K, capacity 35226K, committed 35496K, reserved 1081344K
  class space    used 4434K, capacity 4585K, committed 4656K, reserved 1048576K
Event: 2.213 GC heap after
Heap after GC invocations=6 (full 1):
 PSYoungGen      total 138240K, used 5118K [0x00000000d5f00000, 0x00000000e0e00000, 0x0000000100000000)
  eden space 133120K, 0% used [0x00000000d5f00000,0x00000000d5f00000,0x00000000de100000)
  from space 5120K, 99% used [0x00000000de100000,0x00000000de5ffb18,0x00000000de600000)
  to   space 15360K, 0% used [0x00000000dff00000,0x00000000dff00000,0x00000000e0e00000)
 ParOldGen       total 65024K, used 26585K [0x0000000081c00000, 0x0000000085b80000, 0x00000000d5f00000)
  object space 65024K, 40% used [0x0000000081c00000,0x00000000835f6410,0x0000000085b80000)
 Metaspace       used 34762K, capacity 35226K, committed 35496K, reserved 1081344K
  class space    used 4434K, capacity 4585K, committed 4656K, reserved 1048576K
}
Event: 2.213 GC heap before
{Heap before GC invocations=7 (full 2):
 PSYoungGen      total 138240K, used 5118K [0x00000000d5f00000, 0x00000000e0e00000, 0x0000000100000000)
  eden space 133120K, 0% used [0x00000000d5f00000,0x00000000d5f00000,0x00000000de100000)
  from space 5120K, 99% used [0x00000000de100000,0x00000000de5ffb18,0x00000000de600000)
  to   space 15360K, 0% used [0x00000000dff00000,0x00000000dff00000,0x00000000e0e00000)
 ParOldGen       total 65024K, used 26585K [0x0000000081c00000, 0x0000000085b80000, 0x00000000d5f00000)
  object space 65024K, 40% used [0x0000000081c00000,0x00000000835f6410,0x0000000085b80000)
 Metaspace       used 34762K, capacity 35226K, committed 35496K, reserved 1081344K
  class space    used 4434K, capacity 4585K, committed 4656K, reserved 1048576K
Event: 2.262 GC heap after
Heap after GC invocations=7 (full 2):
 PSYoungGen      total 138240K, used 0K [0x00000000d5f00000, 0x00000000e0e00000, 0x0000000100000000)
  eden space 133120K, 0% used [0x00000000d5f00000,0x00000000d5f00000,0x00000000de100000)
  from space 5120K, 0% used [0x00000000de100000,0x00000000de100000,0x00000000de600000)
  to   space 15360K, 0% used [0x00000000dff00000,0x00000000dff00000,0x00000000e0e00000)
 ParOldGen       total 110080K, used 19446K [0x0000000081c00000, 0x0000000088780000, 0x00000000d5f00000)
  object space 110080K, 17% used [0x0000000081c00000,0x0000000082efd828,0x0000000088780000)
 Metaspace       used 34762K, capacity 35226K, committed 35496K, reserved 1081344K
  class space    used 4434K, capacity 4585K, committed 4656K, reserved 1048576K
}
Event: 3.756 GC heap before
{Heap before GC invocations=8 (full 2):
 PSYoungGen      total 138240K, used 133120K [0x00000000d5f00000, 0x00000000e0e00000, 0x0000000100000000)
  eden space 133120K, 100% used [0x00000000d5f00000,0x00000000de100000,0x00000000de100000)
  from space 5120K, 0% used [0x00000000de100000,0x00000000de100000,0x00000000de600000)
  to   space 15360K, 0% used [0x00000000dff00000,0x00000000dff00000,0x00000000e0e00000)
 ParOldGen       total 110080K, used 19446K [0x0000000081c00000, 0x0000000088780000, 0x00000000d5f00000)
  object space 110080K, 17% used [0x0000000081c00000,0x0000000082efd828,0x0000000088780000)
 Metaspace       used 43981K, capacity 44676K, committed 45104K, reserved 1089536K
  class space    used 5413K, capacity 5586K, committed 5680K, reserved 1048576K
Event: 3.777 GC heap after
Heap after GC invocations=8 (full 2):
 PSYoungGen      total 148480K, used 15343K [0x00000000d5f00000, 0x00000000e0e00000, 0x0000000100000000)
  eden space 133120K, 0% used [0x00000000d5f00000,0x00000000d5f00000,0x00000000de100000)
  from space 15360K, 99% used [0x00000000dff00000,0x00000000e0dfbd28,0x00000000e0e00000)
  to   space 5120K, 0% used [0x00000000de100000,0x00000000de100000,0x00000000de600000)
 ParOldGen       total 110080K, used 30748K [0x0000000081c00000, 0x0000000088780000, 0x00000000d5f00000)
  object space 110080K, 27% used [0x0000000081c00000,0x0000000083a072f0,0x0000000088780000)
 Metaspace       used 43981K, capacity 44676K, committed 45104K, reserved 1089536K
  class space    used 5413K, capacity 5586K, committed 5680K, reserved 1048576K
}

